#
# A fatal error has been detected by the Java Runtime Environment:
#
#  Internal Error (javaCalls.cpp:51), pid=56304, tid=0x000000000000d08c
#  guarantee(thread->is_Java_thread()) failed: crucial check - the VM thread cannot and must not escape to Java code
#
# JRE version: Java(TM) SE Runtime Environment (8.0_251-b08) (build 1.8.0_251-b08)
# Java VM: Java HotSpot(TM) 64-Bit Server VM (25.251-b08 mixed mode windows-amd64 compressed oops)
# Failed to write core dump. Minidumps are not enabled by default on client versions of Windows
#
# If you would like to submit a bug report, please visit:
#   http://bugreport.java.com/bugreport/crash.jsp
#

---------------  T H R E A D  ---------------

Current thread (0x000000001c30a000):  VMThread [stack: 0x000000001dfe0000,0x000000001e0e0000] [id=53388]

Stack: [0x000000001dfe0000,0x000000001e0e0000]
[error occurred during error reporting (printing stack bounds), id 0xc0000005]

Native frames: (J=compiled Java code, j=interpreted, Vv=VM code, C=native code)

VM_Operation (0x000000001ee2f490): GetOrSetLocal, mode: safepoint, requested by thread 0x000000001e216800


---------------  P R O C E S S  ---------------

Java Threads: ( => current thread )
  0x000000001e3a4800 JavaThread "Service Thread" daemon [_thread_blocked, id=57108, stack(0x000000001f430000,0x000000001f530000)]
  0x000000001e3f2000 JavaThread "C1 CompilerThread3" daemon [_thread_blocked, id=16200, stack(0x000000001f330000,0x000000001f430000)]
  0x000000001e3f1800 JavaThread "C2 CompilerThread2" daemon [_thread_blocked, id=51624, stack(0x000000001f230000,0x000000001f330000)]
  0x000000001e3f0800 JavaThread "C2 CompilerThread1" daemon [_thread_blocked, id=43724, stack(0x000000001f130000,0x000000001f230000)]
  0x000000001e3ee000 JavaThread "C2 CompilerThread0" daemon [_thread_blocked, id=57248, stack(0x000000001f030000,0x000000001f130000)]
  0x000000001e224800 JavaThread "JDWP Command Reader" daemon [_thread_in_native, id=49284, stack(0x000000001ef30000,0x000000001f030000)]
  0x000000001e221800 JavaThread "JDWP Event Helper Thread" daemon [_thread_blocked, id=12984, stack(0x000000001ee30000,0x000000001ef30000)]
  0x000000001e216800 JavaThread "JDWP Transport Listener: dt_socket" daemon [_thread_blocked, id=57508, stack(0x000000001ed30000,0x000000001ee30000)]
  0x000000001e209000 JavaThread "Attach Listener" daemon [_thread_blocked, id=54968, stack(0x000000001e8f0000,0x000000001e9f0000)]
  0x000000001c31e000 JavaThread "Signal Dispatcher" daemon [_thread_blocked, id=41356, stack(0x000000001e7f0000,0x000000001e8f0000)]
  0x000000001e200800 JavaThread "Finalizer" daemon [_thread_blocked, id=51960, stack(0x000000001e5e0000,0x000000001e6e0000)]
  0x0000000002959000 JavaThread "Reference Handler" daemon [_thread_blocked, id=56576, stack(0x000000001e0e0000,0x000000001e1e0000)]
  0x0000000002862800 JavaThread "main" [_thread_blocked, id=57124, stack(0x0000000002600000,0x0000000002700000)]

Other Threads:
=>0x000000001c30a000 VMThread [stack: 0x000000001dfe0000,0x000000001e0e0000] [id=53388]
  0x000000001e3a5800 WatcherThread [stack: 0x000000001f530000,0x000000001f630000] [id=39280]

VM state:at safepoint (normal execution)

VM Mutex/Monitor currently owned by a thread:  ([mutex/lock_event])
[0x0000000000e1e670] Threads_lock - owner thread: 0x000000001c30a000

heap address: 0x00000006c3000000, size: 4048 MB, Compressed Oops mode: Zero based, Oop shift amount: 3
Narrow klass base: 0x0000000000000000, Narrow klass shift: 3
Compressed class space size: 1073741824 Address: 0x00000007c0000000

Heap:
 PSYoungGen      total 75776K, used 7813K [0x000000076bb00000, 0x0000000770f80000, 0x00000007c0000000)
  eden space 65024K, 12% used [0x000000076bb00000,0x000000076c2a1498,0x000000076fa80000)
  from space 10752K, 0% used [0x0000000770500000,0x0000000770500000,0x0000000770f80000)
  to   space 10752K, 0% used [0x000000076fa80000,0x000000076fa80000,0x0000000770500000)
 ParOldGen       total 173568K, used 0K [0x00000006c3000000, 0x00000006cd980000, 0x000000076bb00000)
  object space 173568K, 0% used [0x00000006c3000000,0x00000006c3000000,0x00000006cd980000)
 Metaspace       used 4866K, capacity 4994K, committed 5248K, reserved 1056768K
  class space    used 522K, capacity 561K, committed 640K, reserved 1048576K

Card table byte_map: [0x0000000011d20000,0x0000000012510000] byte_map_base: 0x000000000e708000

Marking Bits: (ParMarkBitMap*) 0x00000000701faf90
 Begin Bits: [0x0000000013260000, 0x00000000171a0000)
 End Bits:   [0x00000000171a0000, 0x000000001b0e0000)

Polling page: 0x0000000000dc0000

CodeCache: size=245760Kb used=1398Kb max_used=1398Kb free=244361Kb
 bounds [0x0000000002960000, 0x0000000002bd0000, 0x0000000011960000]
 total_blobs=430 nmethods=144 adapters=207
 compilation: enabled

Compilation events (10 events):
Event: 596.996 Thread 0x000000001e3f2000  140       3       org.eclipse.jdt.launching.internal.org.objectweb.asm.SymbolTable::addConstantUtf8Reference (101 bytes)
Event: 596.997 Thread 0x000000001e3f2000 nmethod 140 0x0000000002abadd0 code [0x0000000002abafc0, 0x0000000002abb8b8]
Event: 596.997 Thread 0x000000001e3f2000  141       3       org.eclipse.jdt.launching.internal.org.objectweb.asm.MethodWriter::visitMethodInsn (191 bytes)
Event: 596.998 Thread 0x000000001e3f2000 nmethod 141 0x0000000002abbd10 code [0x0000000002abbf20, 0x0000000002abca68]
Event: 596.998 Thread 0x000000001e3f2000  142       3       org.eclipse.jdt.launching.internal.org.objectweb.asm.SymbolTable::addConstantMethodref (24 bytes)
Event: 596.998 Thread 0x000000001e3f2000 nmethod 142 0x0000000002abcf90 code [0x0000000002abd100, 0x0000000002abd328]
Event: 642.258 Thread 0x000000001e3f2000  143       1       java.security.ProtectionDomain::getCodeSource (5 bytes)
Event: 642.258 Thread 0x000000001e3f2000 nmethod 143 0x0000000002abd3d0 code [0x0000000002abd520, 0x0000000002abd630]
Event: 642.258 Thread 0x000000001e3f2000  144       3       org.eclipse.jdt.launching.internal.org.objectweb.asm.ByteVector::put122 (93 bytes)
Event: 642.259 Thread 0x000000001e3f2000 nmethod 144 0x0000000002abd690 code [0x0000000002abd800, 0x0000000002abdae8]

GC Heap History (0 events):
No events

Deoptimization events (0 events):
No events

Classes redefined (9 events):
Event: 81.665 Thread 0x000000001c30a000 redefined class name=br.com.Ultraemojicombat.Luta, count=1
Event: 464.139 Thread 0x000000001c30a000 redefined class name=br.com.Ultraemojicombat.Luta, count=2
Event: 466.498 Thread 0x000000001c30a000 redefined class name=br.com.Ultraemojicombat.EmojiCombat, count=1
Event: 534.780 Thread 0x000000001c30a000 redefined class name=br.com.Ultraemojicombat.Luta, count=3
Event: 567.468 Thread 0x000000001c30a000 redefined class name=br.com.Ultraemojicombat.Luta, count=4
Event: 585.487 Thread 0x000000001c30a000 redefined class name=br.com.Ultraemojicombat.EmojiCombat, count=2
Event: 596.997 Thread 0x000000001c30a000 redefined class name=br.com.Ultraemojicombat.EmojiCombat, count=3
Event: 622.754 Thread 0x000000001c30a000 redefined class name=br.com.Ultraemojicombat.Luta, count=5
Event: 642.259 Thread 0x000000001c30a000 redefined class name=br.com.Ultraemojicombat.EmojiCombat, count=4

Internal exceptions (2 events):
Event: 0.038 Thread 0x0000000002862800 Exception <a 'java/lang/NoSuchMethodError': Method sun.misc.Unsafe.defineClass(Ljava/lang/String;[BII)Ljava/lang/Class; name or signature does not match> (0x000000076bb07cc0) thrown at [C:\jenkins\workspace\8-2-build-windows-amd64-cygwin\jdk8u251\737\hots
Event: 0.038 Thread 0x0000000002862800 Exception <a 'java/lang/NoSuchMethodError': Method sun.misc.Unsafe.prefetchRead(Ljava/lang/Object;J)V name or signature does not match> (0x000000076bb07fa8) thrown at [C:\jenkins\workspace\8-2-build-windows-amd64-cygwin\jdk8u251\737\hotspot\src\share\vm\p

Events (10 events):
Event: 622.768 Executing VM operation: GetCurrentContendedMonitor done
Event: 642.259 Executing VM operation: RedefineClasses
Event: 642.259 Executing VM operation: RedefineClasses done
Event: 642.265 Executing VM operation: ChangeBreakpoints
Event: 642.265 Executing VM operation: ChangeBreakpoints done
Event: 642.420 Executing VM operation: GetOwnedMonitorInfo
Event: 642.420 Executing VM operation: GetOwnedMonitorInfo done
Event: 642.421 Executing VM operation: GetCurrentContendedMonitor
Event: 642.421 Executing VM operation: GetCurrentContendedMonitor done
Event: 763.069 Executing VM operation: GetOrSetLocal


Dynamic libraries:
0x00007ff6ecf40000 - 0x00007ff6ecf77000 	C:\Program Files\Java\jre1.8.0_251\bin\javaw.exe
0x00007fff89a60000 - 0x00007fff89c4d000 	C:\Windows\SYSTEM32\ntdll.dll
0x00007fff79330000 - 0x00007fff79343000 	C:\Program Files\AVAST Software\Avast\aswhook.dll
0x00007fff87680000 - 0x00007fff87733000 	C:\Windows\System32\KERNEL32.DLL
0x00007fff85f80000 - 0x00007fff86215000 	C:\Windows\System32\KERNELBASE.dll
0x00007fff87230000 - 0x00007fff872d3000 	C:\Windows\System32\ADVAPI32.dll
0x00007fff89970000 - 0x00007fff89a0e000 	C:\Windows\System32\msvcrt.dll
0x00007fff875e0000 - 0x00007fff8767e000 	C:\Windows\System32\sechost.dll
0x00007fff872f0000 - 0x00007fff87412000 	C:\Windows\System32\RPCRT4.dll
0x00007fff87090000 - 0x00007fff87227000 	C:\Windows\System32\USER32.dll
0x00007fff863c0000 - 0x00007fff863e0000 	C:\Windows\System32\win32u.dll
0x00007fff87fc0000 - 0x00007fff87fe9000 	C:\Windows\System32\GDI32.dll
0x00007fff86220000 - 0x00007fff863ba000 	C:\Windows\System32\gdi32full.dll
0x00007fff86be0000 - 0x00007fff86c80000 	C:\Windows\System32\msvcp_win.dll
0x00007fff85de0000 - 0x00007fff85eda000 	C:\Windows\System32\ucrtbase.dll
0x00007fff5d960000 - 0x00007fff5dbd9000 	C:\Windows\WinSxS\amd64_microsoft.windows.common-controls_6595b64144ccf1df_6.0.17763.1282_none_de75b6f253473c0f\COMCTL32.dll
0x00007fff87740000 - 0x00007fff87a6c000 	C:\Windows\System32\combase.dll
0x00007fff85b80000 - 0x00007fff85bfe000 	C:\Windows\System32\bcryptPrimitives.dll
0x00007fff87bf0000 - 0x00007fff87c1e000 	C:\Windows\System32\IMM32.DLL
0x00000000708c0000 - 0x0000000070992000 	C:\Program Files\Java\jre1.8.0_251\bin\msvcr100.dll
0x000000006f9d0000 - 0x000000007027b000 	C:\Program Files\Java\jre1.8.0_251\bin\server\jvm.dll
0x00007fff89a20000 - 0x00007fff89a28000 	C:\Windows\System32\PSAPI.DLL
0x00007fff799a0000 - 0x00007fff799a9000 	C:\Windows\SYSTEM32\WSOCK32.dll
0x00007fff87ad0000 - 0x00007fff87b3d000 	C:\Windows\System32\WS2_32.dll
0x00007fff78b30000 - 0x00007fff78b54000 	C:\Windows\SYSTEM32\WINMM.dll
0x00007fff7bab0000 - 0x00007fff7baba000 	C:\Windows\SYSTEM32\VERSION.dll
0x00007fff78b00000 - 0x00007fff78b2d000 	C:\Windows\SYSTEM32\WINMMBASE.dll
0x00007fff85ee0000 - 0x00007fff85f2a000 	C:\Windows\System32\cfgmgr32.dll
0x00007fff72a30000 - 0x00007fff72a3f000 	C:\Program Files\Java\jre1.8.0_251\bin\verify.dll
0x00007fff41e60000 - 0x00007fff41e89000 	C:\Program Files\Java\jre1.8.0_251\bin\java.dll
0x00007fff782d0000 - 0x00007fff78305000 	C:\Program Files\Java\jre1.8.0_251\bin\jdwp.dll
0x00007fff7cd30000 - 0x00007fff7cd38000 	C:\Program Files\Java\jre1.8.0_251\bin\npt.dll
0x00007fff7aa00000 - 0x00007fff7aa23000 	C:\Program Files\Java\jre1.8.0_251\bin\instrument.dll
0x00007fff4b650000 - 0x00007fff4b666000 	C:\Program Files\Java\jre1.8.0_251\bin\zip.dll
0x00007fff87ff0000 - 0x00007fff894e8000 	C:\Windows\System32\SHELL32.dll
0x00007fff87b40000 - 0x00007fff87be8000 	C:\Windows\System32\shcore.dll
0x00007fff86490000 - 0x00007fff86bdf000 	C:\Windows\System32\windows.storage.dll
0x00007fff85a70000 - 0x00007fff85a94000 	C:\Windows\System32\profapi.dll
0x00007fff85ac0000 - 0x00007fff85b1d000 	C:\Windows\System32\powrprof.dll
0x00007fff87d10000 - 0x00007fff87d62000 	C:\Windows\System32\shlwapi.dll
0x00007fff85a50000 - 0x00007fff85a61000 	C:\Windows\System32\kernel.appcore.dll
0x00007fff85f30000 - 0x00007fff85f47000 	C:\Windows\System32\cryptsp.dll
0x00007fff782c0000 - 0x00007fff782c9000 	C:\Program Files\Java\jre1.8.0_251\bin\dt_socket.dll
0x00007fff71400000 - 0x00007fff71416000 	C:\Windows\system32\napinsp.dll
0x00007fff713e0000 - 0x00007fff713fa000 	C:\Windows\system32\pnrpnsp.dll
0x00007fff85260000 - 0x00007fff852c7000 	C:\Windows\System32\mswsock.dll
0x00007fff84fd0000 - 0x00007fff85097000 	C:\Windows\SYSTEM32\DNSAPI.dll
0x00007fff89a10000 - 0x00007fff89a18000 	C:\Windows\System32\NSI.dll
0x00007fff84f90000 - 0x00007fff84fcd000 	C:\Windows\SYSTEM32\IPHLPAPI.DLL
0x00007fff713d0000 - 0x00007fff713de000 	C:\Windows\System32\winrnr.dll
0x00007fff7e4e0000 - 0x00007fff7e4fb000 	C:\Windows\system32\NLAapi.dll
0x00007fff71390000 - 0x00007fff713a5000 	C:\Windows\system32\wshbth.dll
0x00007fff7a1a0000 - 0x00007fff7a219000 	C:\Windows\System32\fwpuclnt.dll
0x00007fff85f50000 - 0x00007fff85f76000 	C:\Windows\System32\bcrypt.dll
0x00007fff7b560000 - 0x00007fff7b56a000 	C:\Windows\System32\rasadhlp.dll

VM Arguments:
jvm_args: -agentlib:jdwp=transport=dt_socket,suspend=y,address=localhost:50184 -javaagent:C:\Users\Ana Carolina\.eclipse\org.eclipse.platform_4.9.0_2099981610_win32_win32_x86_64\configuration\org.eclipse.osgi\419\0\.cp\lib\javaagent-shaded.jar -Dfile.encoding=Cp1252 
java_command: br.com.Ultraemojicombat.EmojiCombat
java_class_path (initial): D:\AnaCarolina\java-curso-udemy-iniciante\bin;C:\Users\Ana Carolina\.eclipse\org.eclipse.platform_4.9.0_2099981610_win32_win32_x86_64\configuration\org.eclipse.osgi\419\0\.cp\lib\javaagent-shaded.jar
Launcher Type: SUN_STANDARD

Environment Variables:
JAVA_HOME=C:\Program Files\Java\jdk-13.0.1
PATH=C:/Program Files/Java/jre1.8.0_251/bin/server;C:/Program Files/Java/jre1.8.0_251/bin;C:/Program Files/Java/jre1.8.0_251/lib/amd64;C:\Program Files (x86)\Common Files\Oracle\Java\javapath;C:\Windows\system32;C:\Windows;C:\Windows\System32\Wbem;C:\Windows\System32\WindowsPowerShell\v1.0\;C:\Windows\System32\OpenSSH\;C:\Program Files (x86)\NVIDIA Corporation\PhysX\Common;C:\Users\mvgme\AppData\Roaming\nvm;C:\Program Files\nodejs;C:\Program Files\Git\cmd;C:\Program Files\Intel\WiFi\bin\;C:\Program Files\Common Files\Intel\WirelessCommon\;C:\Program Files\MongoDB\Server\4.0\bin;C:\Program Files\Java\jdk-13.0.1\bin;C:\Program Files (x86)\IDEMIA\AWP\Dlls;C:\Program Files\IDEMIA\AWP\Dlls;C:\Program Files (x86)\Intel\Intel(R) Management Engine Components\DAL;C:\Program Files\Intel\Intel(R) Management Engine Components\DAL;C:\Program Files\Docker\Docker\resources\bin;C:\ProgramData\DockerDesktop\version-bin;C:\Users\Ana Carolina\AppData\Local\Microsoft\WindowsApps;;C:\Users\Ana Carolina\AppData\Local\Programs\Microsoft VS Code\bin;C:\Program Files;
USERNAME=Ana Carolina
OS=Windows_NT
PROCESSOR_IDENTIFIER=Intel64 Family 6 Model 142 Stepping 11, GenuineIntel



---------------  S Y S T E M  ---------------

OS: Windows 10.0 , 64 bit Build 17763 (10.0.17763.1158)

CPU:total 8 (initial active 8) (4 cores per cpu, 2 threads per core) family 6 model 142 stepping 11, cmov, cx8, fxsr, mmx, sse, sse2, sse3, ssse3, sse4.1, sse4.2, popcnt, avx, avx2, aes, clmul, erms, 3dnowpref, lzcnt, ht, tsc, tscinvbit, bmi1, bmi2, adx

Memory: 4k page, physical 16580012k(8898092k free), swap 23342744k(12367684k free)

vm_info: Java HotSpot(TM) 64-Bit Server VM (25.251-b08) for windows-amd64 JRE (1.8.0_251-b08), built on Mar 12 2020 06:31:49 by "" with MS VC++ 10.0 (VS2010)

time: Thu Jun 18 16:07:33 2020
timezone: Hor. de Verão FLE
elapsed time: 763 seconds (0d 0h 12m 43s)

